<?xml version="1.0" encoding="UTF-8"?>
<testng-results ignored="0" total="2" passed="2" failed="0" skipped="0">
  <reporter-output>
  </reporter-output>
  <suite started-at="2023-11-24T17:46:22 BDT" name="ORANGE" finished-at="2023-11-24T17:47:00 BDT" duration-ms="38053">
    <groups>
    </groups>
    <test started-at="2023-11-24T17:46:22 BDT" name="Test" finished-at="2023-11-24T17:47:00 BDT" duration-ms="38053">
      <class name="org.example.tests.DashboardTest">
        <test-method is-config="true" signature="start()[pri:0, instance:org.example.tests.DashboardTest@18271936]" started-at="2023-11-24T17:46:47 BDT" name="start" finished-at="2023-11-24T17:46:47 BDT" duration-ms="1" status="PASS">
          <reporter-output>
          </reporter-output>
        </test-method> <!-- start -->
        <test-method signature="adminTest()[pri:0, instance:org.example.tests.DashboardTest@18271936]" started-at="2023-11-24T17:46:47 BDT" name="adminTest" finished-at="2023-11-24T17:47:00 BDT" duration-ms="12254" status="PASS">
          <reporter-output>
          </reporter-output>
        </test-method> <!-- adminTest -->
        <test-method is-config="true" signature="close()[pri:0, instance:org.example.tests.DashboardTest@18271936]" started-at="2023-11-24T17:47:00 BDT" name="close" finished-at="2023-11-24T17:47:00 BDT" duration-ms="105" status="PASS">
          <reporter-output>
          </reporter-output>
        </test-method> <!-- close -->
      </class> <!-- org.example.tests.DashboardTest -->
      <class name="org.example.tests.LoginTest">
        <test-method is-config="true" signature="startBrowser()[pri:0, instance:org.example.tests.LoginTest@35dab4eb]" started-at="2023-11-24T17:46:19 BDT" name="startBrowser" finished-at="2023-11-24T17:46:22 BDT" duration-ms="2292" status="PASS">
          <reporter-output>
          </reporter-output>
        </test-method> <!-- startBrowser -->
        <test-method is-config="true" signature="start()[pri:0, instance:org.example.tests.LoginTest@35dab4eb]" started-at="2023-11-24T17:46:22 BDT" name="start" finished-at="2023-11-24T17:46:31 BDT" duration-ms="9567" status="PASS">
          <reporter-output>
          </reporter-output>
        </test-method> <!-- start -->
        <test-method signature="loginTest()[pri:0, instance:org.example.tests.LoginTest@35dab4eb]" started-at="2023-11-24T17:46:31 BDT" name="loginTest" finished-at="2023-11-24T17:46:47 BDT" duration-ms="15717" status="PASS">
          <reporter-output>
          </reporter-output>
        </test-method> <!-- loginTest -->
        <test-method is-config="true" signature="report()[pri:0, instance:org.example.tests.LoginTest@35dab4eb]" started-at="2023-11-24T17:46:47 BDT" name="report" finished-at="2023-11-24T17:46:47 BDT" duration-ms="350" status="PASS">
          <reporter-output>
          </reporter-output>
        </test-method> <!-- report -->
        <test-method is-config="true" signature="close()[pri:0, instance:org.example.tests.LoginTest@35dab4eb]" started-at="2023-11-24T17:47:00 BDT" name="close" finished-at="2023-11-24T17:47:00 BDT" duration-ms="255" status="PASS">
          <reporter-output>
          </reporter-output>
        </test-method> <!-- close -->
      </class> <!-- org.example.tests.LoginTest -->
    </test> <!-- Test -->
  </suite> <!-- ORANGE -->
</testng-results>
