<?xml version="1.0" encoding="UTF-8"?>
<!-- Generated by org.testng.reporters.JUnitXMLReporter -->
<testsuite ignored="1" hostname="DESKTOP-QDC0IPC" failures="0" tests="2" name="Test" time="38.053" errors="0" timestamp="2023-11-24T17:47:00 BDT">
  <testcase classname="org.example.tests.LoginTest" name="loginTest" time="15.717"/>
  <testcase classname="org.example.tests.DashboardTest" name="adminTest" time="12.254"/>
  <testcase classname="org.example.baseDriver.BaseDriver" name="@BeforeSuite startBrowser" time="0.0">
    <ignored/>
  </testcase> <!-- @BeforeSuite startBrowser -->
</testsuite> <!-- Test -->
